<?xml version="1.0" encoding="UTF-8"?>
<!-- Generated by org.testng.reporters.JUnitReportReporter -->
<testsuite hostname="DESKTOP-I8G59SM" failures="0" tests="3" name="Amzon_TestNG.TestCase1" time="158.370" errors="0" timestamp="2024-02-21T10:56:34 IST" skipped="0">
  <testcase classname="Amzon_TestNG.TestCase1" name="login_Search_logout" time="53.683"/>
  <system-out/>
  <testcase classname="Amzon_TestNG.TestCase1" name="login_Search_logout" time="60.157"/>
  <system-out/>
  <testcase classname="Amzon_TestNG.TestCase1" name="login_Search_logout" time="44.530"/>
  <system-out/>
</testsuite> <!-- Amzon_TestNG.TestCase1 -->
