<?xml version="1.0" encoding="UTF-8"?>
<!-- Generated by org.testng.reporters.JUnitReportReporter -->
<testsuite hostname="DESKTOP-I8G59SM" failures="0" tests="5" name="Data_Provider3" time="32.083" errors="0" timestamp="2024-02-23T11:48:54 IST" skipped="0">
  <testcase classname="Data_Provider3" name="method1" time="6.250"/>
  <system-out/>
  <testcase classname="Data_Provider3" name="method1" time="6.118"/>
  <system-out/>
  <testcase classname="Data_Provider3" name="method1" time="6.051"/>
  <system-out/>
  <testcase classname="Data_Provider3" name="method1" time="7.638"/>
  <system-out/>
  <testcase classname="Data_Provider3" name="method1" time="6.026"/>
  <system-out/>
</testsuite> <!-- Data_Provider3 -->
