<?xml version="1.0" encoding="UTF-8"?>
<!-- Generated by org.testng.reporters.JUnitReportReporter -->
<testsuite hostname="DESKTOP-I8G59SM" failures="0" tests="3" name="project_TestNG.Program20" time="43.587" errors="0" timestamp="2024-02-21T10:30:47 IST" skipped="0">
  <testcase classname="project_TestNG.Program20" name="launching_browser" time="11.455"/>
  <system-out/>
  <testcase classname="project_TestNG.Program20" name="launching_browser" time="17.870"/>
  <system-out/>
  <testcase classname="project_TestNG.Program20" name="launching_browser" time="14.262"/>
  <system-out/>
</testsuite> <!-- project_TestNG.Program20 -->
