<?xml version="1.0" encoding="UTF-8"?>
<!-- Generated by org.testng.reporters.JUnitReportReporter -->
<testsuite hostname="DESKTOP-I8G59SM" failures="0" tests="1" name="project_TestNG.Program3" time="0.001" errors="0" timestamp="2024-02-19T15:54:18 IST" skipped="0">
  <testcase classname="project_TestNG.Program3" name="method3" time="0.001"/>
  <system-out/>
</testsuite> <!-- project_TestNG.Program3 -->
