<?xml version="1.0" encoding="UTF-8"?>
<!-- Generated by org.testng.reporters.JUnitReportReporter -->
<testsuite hostname="DESKTOP-I8G59SM" failures="0" tests="3" name="project_TestNG.Program11" time="0.009" errors="0" timestamp="2024-02-19T15:54:18 IST" skipped="0">
  <testcase classname="project_TestNG.Program11" name="zxy" time="0.004"/>
  <system-out/>
  <testcase classname="project_TestNG.Program11" name="abc" time="0.002"/>
  <system-out/>
  <testcase classname="project_TestNG.Program11" name="Sub" time="0.003"/>
  <system-out/>
</testsuite> <!-- project_TestNG.Program11 -->
