<?xml version="1.0" encoding="UTF-8"?>
<!-- Generated by org.testng.reporters.JUnitReportReporter -->
<testsuite hostname="DESKTOP-I8G59SM" failures="0" tests="5" name="Data_Provider1" time="0.021" errors="0" timestamp="2024-02-23T11:08:40 IST" skipped="0">
  <testcase classname="Data_Provider1" name="method3_for_double" time="0.001"/>
  <system-out/>
  <testcase classname="Data_Provider1" name="method3_for_double" time="0.003"/>
  <system-out/>
  <testcase classname="Data_Provider1" name="method3_for_double" time="0.015"/>
  <system-out/>
  <testcase classname="Data_Provider1" name="method3_for_double" time="0.001"/>
  <system-out/>
  <testcase classname="Data_Provider1" name="method3_for_double" time="0.001"/>
  <system-out/>
</testsuite> <!-- Data_Provider1 -->
