<?xml version="1.0" encoding="UTF-8"?>
<!-- Generated by org.testng.reporters.JUnitReportReporter -->
<testsuite hostname="DESKTOP-I8G59SM" failures="0" tests="3" name="project_TestNG.Program9" time="0.005" errors="0" timestamp="2024-02-19T15:54:18 IST" skipped="0">
  <testcase classname="project_TestNG.Program9" name="def" time="0.002"/>
  <system-out/>
  <testcase classname="project_TestNG.Program9" name="login" time="0.001"/>
  <system-out/>
  <testcase classname="project_TestNG.Program9" name="abc" time="0.002"/>
  <system-out/>
</testsuite> <!-- project_TestNG.Program9 -->
