<?xml version="1.0" encoding="UTF-8"?>
<!-- Generated by org.testng.reporters.JUnitReportReporter -->
<testsuite hostname="DESKTOP-I8G59SM" failures="0" tests="2" name="Data_ProviderConcepts.Data_Provider4" time="10.458" errors="0" timestamp="2024-02-26T08:39:38 IST" skipped="0">
  <testcase classname="Data_ProviderConcepts.Data_Provider4" name="login_to_facebook" time="5.673"/>
  <system-out/>
  <testcase classname="Data_ProviderConcepts.Data_Provider4" name="login_to_facebook" time="4.785"/>
  <system-out/>
</testsuite> <!-- Data_ProviderConcepts.Data_Provider4 -->
