<?xml version="1.0" encoding="UTF-8"?>
<!-- Generated by org.testng.reporters.JUnitReportReporter -->
<testsuite hostname="DESKTOP-I8G59SM" failures="0" tests="12" name="project_TestNG.Program17" time="0.026" errors="0" timestamp="2024-02-19T15:54:18 IST" skipped="0">
  <testcase classname="project_TestNG.Program17" name="Logout" time="0.001"/>
  <system-out/>
  <testcase classname="project_TestNG.Program17" name="Logout" time="0.002"/>
  <system-out/>
  <testcase classname="project_TestNG.Program17" name="Logout" time="0.008"/>
  <system-out/>
  <testcase classname="project_TestNG.Program17" name="Logout" time="0.002"/>
  <system-out/>
  <testcase classname="project_TestNG.Program17" name="Logout" time="0.001"/>
  <system-out/>
  <testcase classname="project_TestNG.Program17" name="Logout" time="0.002"/>
  <system-out/>
  <testcase classname="project_TestNG.Program17" name="Logout" time="0.002"/>
  <system-out/>
  <testcase classname="project_TestNG.Program17" name="Logout" time="0.002"/>
  <system-out/>
  <testcase classname="project_TestNG.Program17" name="Logout" time="0.001"/>
  <system-out/>
  <testcase classname="project_TestNG.Program17" name="Logout" time="0.002"/>
  <system-out/>
  <testcase classname="project_TestNG.Program17" name="Login" time="0.001"/>
  <system-out/>
  <testcase classname="project_TestNG.Program17" name="search" time="0.002"/>
  <system-out/>
</testsuite> <!-- project_TestNG.Program17 -->
