<?xml version="1.0" encoding="UTF-8"?>
<!-- Generated by org.testng.reporters.JUnitReportReporter -->
<testsuite hostname="DESKTOP-I8G59SM" failures="0" tests="2" name="project_TestNG.Program18" time="0.004" errors="0" timestamp="2024-02-19T15:54:18 IST" skipped="0">
  <testcase classname="project_TestNG.Program18" name="logout" time="0.003"/>
  <system-out/>
  <testcase classname="project_TestNG.Program18" name="login" time="0.001"/>
  <system-out/>
</testsuite> <!-- project_TestNG.Program18 -->
