<?xml version="1.0" encoding="UTF-8"?>
<!-- Generated by org.testng.reporters.JUnitReportReporter -->
<testsuite hostname="DESKTOP-I8G59SM" failures="0" tests="2" name="project_TestNG.Program6" time="0.011" errors="0" timestamp="2024-02-19T15:54:18 IST" skipped="0">
  <testcase classname="project_TestNG.Program6" name="testcase1" time="0.004"/>
  <system-out/>
  <testcase classname="project_TestNG.Program6" name="testcase2" time="0.007"/>
  <system-out/>
</testsuite> <!-- project_TestNG.Program6 -->
