<?xml version="1.0" encoding="UTF-8"?>
<!-- Generated by org.testng.reporters.JUnitReportReporter -->
<testsuite hostname="DESKTOP-I8G59SM" failures="0" tests="14" name="project_TestNG.Program15" time="0.031" errors="0" timestamp="2024-02-19T15:54:18 IST" skipped="0">
  <testcase classname="project_TestNG.Program15" name="case1" time="0.001"/>
  <system-out/>
  <testcase classname="project_TestNG.Program15" name="case1" time="0.004"/>
  <system-out/>
  <testcase classname="project_TestNG.Program15" name="case1" time="0.003"/>
  <system-out/>
  <testcase classname="project_TestNG.Program15" name="case4" time="0.001"/>
  <system-out/>
  <testcase classname="project_TestNG.Program15" name="case1" time="0.003"/>
  <system-out/>
  <testcase classname="project_TestNG.Program15" name="case2" time="0.003"/>
  <system-out/>
  <testcase classname="project_TestNG.Program15" name="case1" time="0.002"/>
  <system-out/>
  <testcase classname="project_TestNG.Program15" name="case1" time="0.001"/>
  <system-out/>
  <testcase classname="project_TestNG.Program15" name="case1" time="0.003"/>
  <system-out/>
  <testcase classname="project_TestNG.Program15" name="case1" time="0.001"/>
  <system-out/>
  <testcase classname="project_TestNG.Program15" name="case1" time="0.003"/>
  <system-out/>
  <testcase classname="project_TestNG.Program15" name="case1" time="0.002"/>
  <system-out/>
  <testcase classname="project_TestNG.Program15" name="case1" time="0.002"/>
  <system-out/>
  <testcase classname="project_TestNG.Program15" name="case3" time="0.002"/>
  <system-out/>
</testsuite> <!-- project_TestNG.Program15 -->
