<?xml version="1.0" encoding="UTF-8"?>
<!-- Generated by org.testng.reporters.JUnitReportReporter -->
<testsuite hostname="DESKTOP-I8G59SM" failures="0" tests="3" name="project_TestNG.Program13" time="0.004" errors="0" timestamp="2024-02-19T15:54:18 IST" skipped="0">
  <testcase classname="project_TestNG.Program13" name="ghi" time="0.002"/>
  <system-out/>
  <testcase classname="project_TestNG.Program13" name="abc" time="0.002"/>
  <system-out/>
  <testcase classname="project_TestNG.Program13" name="def" time="0.000"/>
  <system-out/>
</testsuite> <!-- project_TestNG.Program13 -->
