<?xml version="1.0" encoding="UTF-8"?>
<!-- Generated by org.testng.reporters.JUnitReportReporter -->
<testsuite hostname="DESKTOP-I8G59SM" failures="0" tests="2" name="Amzon_TestNG.Group_Testcase" time="0.012" errors="0" timestamp="2024-02-21T21:28:09 IST" skipped="0">
  <testcase classname="Amzon_TestNG.Group_Testcase" name="TC2" time="0.001"/>
  <system-out/>
  <testcase classname="Amzon_TestNG.Group_Testcase" name="TC1" time="0.011"/>
  <system-out/>
</testsuite> <!-- Amzon_TestNG.Group_Testcase -->
