<?xml version="1.0" encoding="UTF-8"?>
<!-- Generated by org.testng.reporters.JUnitReportReporter -->
<testsuite hostname="DESKTOP-I8G59SM" failures="0" tests="3" name="Amzon_TestNG.TestCase4" time="192.226" errors="0" timestamp="2024-02-21T10:56:35 IST" skipped="0">
  <testcase classname="Amzon_TestNG.TestCase4" name="login_Search_Pen_Wishlis_logout" time="49.818"/>
  <system-out/>
  <testcase classname="Amzon_TestNG.TestCase4" name="login_Search_Pen_Wishlis_logout" time="77.511"/>
  <system-out/>
  <testcase classname="Amzon_TestNG.TestCase4" name="login_Search_Pen_Wishlis_logout" time="64.897"/>
  <system-out/>
</testsuite> <!-- Amzon_TestNG.TestCase4 -->
